<?xml version="1.0" encoding="UTF-8"?>
<!-- Generated by org.testng.reporters.JUnitReportReporter -->
<testsuite hostname="DESKTOP-077G3EM" failures="0" tests="1" name="Estimate.SuccessfulEstimate" time="11.539" errors="0" timestamp="2022-05-27T19:35:07 IST" skipped="0">
  <testcase classname="Estimate.SuccessfulEstimate" name="testUntitledTestCase" time="11.539"/>
  <system-out/>
</testsuite> <!-- Estimate.SuccessfulEstimate -->
