<?xml version="1.0" encoding="UTF-8"?>
<!-- Generated by org.testng.reporters.JUnitReportReporter -->
<testsuite hostname="DESKTOP-077G3EM" failures="0" tests="1" name="iFrames.iFrames" time="7.587" errors="0" timestamp="2022-05-30T10:38:48 IST" skipped="0">
  <testcase classname="iFrames.iFrames" name="SingleiFrame" time="7.587"/>
  <system-out/>
</testsuite> <!-- iFrames.iFrames -->
