<?xml version="1.0" encoding="UTF-8"?>
<!-- Generated by org.testng.reporters.JUnitReportReporter -->
<testsuite hostname="DESKTOP-077G3EM" failures="0" tests="1" name="Test.BorrowingAmountTest$SuccessfulEstimate" time="23.763" errors="0" timestamp="2022-05-29T20:43:40 IST" skipped="0">
  <testcase classname="Test.BorrowingAmountTest$SuccessfulEstimate" name="testUntitledTestCase" time="23.763"/>
  <system-out/>
</testsuite> <!-- Test.BorrowingAmountTest$SuccessfulEstimate -->
